<?xml version="1.0" encoding="utf-8"?><testsuites name="pytest tests"><testsuite name="pytest" errors="0" failures="0" skipped="0" tests="74" time="22.905" timestamp="2026-08-24T11:22:00.135171-03:00" hostname="Mac.fibertel.com.ar"><testcase classname="tests.api.test_auth.TestLogin" name="test_success_sets_cookie_and_returns_ok" time="0.547" /><testcase classname="tests.api.test_auth.TestLogin" name="test_failure_returns_401[admin-wrong-password]" time="0.476" /><testcase classname="tests.api.test_auth.TestLogin" name="test_failure_returns_401[someone-else-correct-horse-battery-staple]" time="0.245" /><testcase classname="tests.api.test_auth.TestLogin" name="test_failure_returns_401[-]" time="0.238" /><testcase classname="tests.api.test_auth.TestLogout" name="test_clears_cookie" time="0.503" /><testcase classname="tests.api.test_auth.TestProtectedRoutes" name="test_me_without_cookie_is_401" time="0.256" /><testcase classname="tests.api.test_auth.TestProtectedRoutes" name="test_me_with_valid_cookie_is_200" time="0.478" /><testcase classname="tests.api.test_auth.TestProtectedRoutes" name="test_sessions_list_requires_auth" time="0.245" /><testcase classname="tests.api.test_auth.TestSignedCookieExpiry" name="test_round_trip" time="0.000" /><testcase classname="tests.api.test_auth.TestSignedCookieExpiry" name="test_wrong_secret_rejected" time="0.000" /><testcase classname="tests.api.test_auth.TestSignedCookieExpiry" name="test_expired_token_rejected" time="2.112" /><testcase classname="tests.api.test_files_router.TestSessionFiles" name="test_returns_files_for_that_session" time="0.572" /><testcase classname="tests.api.test_files_router.TestSessionFiles" name="test_unknown_session_is_404" time="0.476" /><testcase classname="tests.api.test_files_router.TestSessionFiles" name="test_requires_auth" time="0.255" /><testcase classname="tests.api.test_files_router.TestGlobalFiles" name="test_lists_across_sessions_and_filters" time="0.496" /><testcase classname="tests.api.test_files_router.TestGlobalFiles" name="test_pagination" time="0.513" /><testcase classname="tests.api.test_files_router.TestGlobalFiles" name="test_requires_auth" time="0.247" /><testcase classname="tests.api.test_manifest_reader.TestReadManifest" name="test_parses_rows_into_file_entries" time="0.004" /><testcase classname="tests.api.test_manifest_reader.TestReadManifest" name="test_missing_file_returns_empty_list" time="0.001" /><testcase classname="tests.api.test_manifest_reader.TestReadManifest" name="test_header_only_returns_empty_list" time="0.004" /><testcase classname="tests.api.test_manifest_reader.TestReadManifest" name="test_empty_file_returns_empty_list" time="0.001" /><testcase classname="tests.api.test_manifest_reader.TestReadAllManifests" name="test_aggregates_across_sessions" time="0.004" /><testcase classname="tests.api.test_manifest_reader.TestReadAllManifests" name="test_missing_sessions_dir_returns_empty_list" time="0.001" /><testcase classname="tests.api.test_portal_fetch.TestFetchAll" name="test_all_ten_succeed" time="0.008" /><testcase classname="tests.api.test_portal_fetch.TestFetchAll" name="test_one_fails_after_retries_raises_and_stops" time="0.004" /><testcase classname="tests.api.test_portal_fetch.TestPortalFetchFailureViaSessionManager" name="test_session_fails_without_spawning_subprocess" time="2.253" /><testcase classname="tests.api.test_resume_seed.TestParseManifestSeed" name="test_extracts_category_and_filename_from_rows" time="0.001" /><testcase classname="tests.api.test_resume_seed.TestParseManifestSeed" name="test_skips_rows_missing_category_or_filename" time="0.001" /><testcase classname="tests.api.test_resume_seed.TestParseManifestSeed" name="test_no_usable_rows_raises" time="0.001" /><testcase classname="tests.api.test_resume_seed.TestParseManifestSeed" name="test_not_utf8_raises" time="0.001" /><testcase classname="tests.api.test_resume_seed.TestParseCheckpointSeed" name="test_extracts_category_and_filename_from_paths" time="0.001" /><testcase classname="tests.api.test_resume_seed.TestParseCheckpointSeed" name="test_skip_prefixed_entries_carried_forward_as_skip" time="0.001" /><testcase classname="tests.api.test_resume_seed.TestParseCheckpointSeed" name="test_non_list_json_raises" time="0.001" /><testcase classname="tests.api.test_resume_seed.TestParseCheckpointSeed" name="test_invalid_json_raises" time="0.001" /><testcase classname="tests.api.test_resume_seed.TestParseCheckpointSeed" name="test_no_usable_entries_raises" time="0.001" /><testcase classname="tests.api.test_resume_seed.TestBuildSeedCheckpoint" name="test_rewrites_entries_under_new_output_dir" time="0.001" /><testcase classname="tests.api.test_session_manager.TestSessionManagerLifecycle" name="test_completed_session_transitions_logs_zip_and_ok_count" time="0.285" /><testcase classname="tests.api.test_session_manager.TestSessionManagerLifecycle" name="test_failed_session_records_last_log_line_as_error" time="0.245" /><testcase classname="tests.api.test_session_manager.TestSessionManagerSingleWorker" name="test_only_one_subprocess_active_at_a_time" time="0.408" /><testcase classname="tests.api.test_sessions_router.TestCreateSessionUpload" name="test_valid_zip_returns_202_and_queues_session" time="0.535" /><testcase classname="tests.api.test_sessions_router.TestCreateSessionUpload" name="test_missing_file_is_400" time="0.479" /><testcase classname="tests.api.test_sessions_router.TestCreateSessionUpload" name="test_zip_with_no_matching_csvs_is_400" time="0.589" /><testcase classname="tests.api.test_sessions_router.TestCreateSessionUpload" name="test_non_zip_file_is_400" time="0.468" /><testcase classname="tests.api.test_sessions_router.TestCreateSessionUpload" name="test_bad_source_is_400" time="0.494" /><testcase classname="tests.api.test_sessions_router.TestCreateSessionUpload" name="test_concurrency_above_max_is_400" time="0.523" /><testcase classname="tests.api.test_sessions_router.TestCreateSessionUpload" name="test_delay_below_minimum_is_400" time="0.505" /><testcase classname="tests.api.test_sessions_router.TestCreateSessionUpload" name="test_requires_auth" time="0.238" /><testcase classname="tests.api.test_sessions_router.TestCreateSessionResume" name="test_manifest_seed_is_written_to_checkpoint_and_reported" time="0.482" /><testcase classname="tests.api.test_sessions_router.TestCreateSessionResume" name="test_checkpoint_seed_carries_skip_entries_forward" time="0.500" /><testcase classname="tests.api.test_sessions_router.TestCreateSessionResume" name="test_invalid_resume_manifest_is_400" time="0.508" /><testcase classname="tests.api.test_sessions_router.TestCreateSessionResume" name="test_no_resume_files_leaves_seed_count_none" time="0.475" /><testcase classname="tests.api.test_sessions_router.TestCreateSessionPortal" name="test_portal_source_is_queued_and_runs" time="0.493" /><testcase classname="tests.api.test_sessions_router.TestListAndGetSessions" name="test_list_returns_created_sessions" time="0.481" /><testcase classname="tests.api.test_sessions_router.TestListAndGetSessions" name="test_get_unknown_session_is_404" time="0.463" /><testcase classname="tests.api.test_sessions_router.TestListAndGetSessions" name="test_list_filters_by_status" time="0.475" /><testcase classname="tests.api.test_sessions_router.TestSessionLogsAndDownload" name="test_logs_stream_replays_and_ends" time="0.506" /><testcase classname="tests.api.test_sessions_router.TestSessionLogsAndDownload" name="test_logs_for_unknown_session_is_404" time="0.483" /><testcase classname="tests.api.test_sessions_router.TestSessionLogsAndDownload" name="test_download_not_ready_is_409" time="0.465" /><testcase classname="tests.api.test_sessions_router.TestSessionLogsAndDownload" name="test_download_unknown_session_is_404" time="0.477" /><testcase classname="tests.api.test_sessions_router.TestSessionLogsAndDownload" name="test_download_completed_session_returns_zip" time="0.506" /><testcase classname="tests.api.test_startup_reconciliation.TestReconcileStaleRunning" name="test_running_session_with_dead_pid_flips_to_interrupted" time="0.230" /><testcase classname="tests.api.test_startup_reconciliation.TestReconcileStaleRunning" name="test_running_session_with_alive_pid_is_left_alone" time="0.231" /><testcase classname="tests.api.test_startup_reconciliation.TestStartupReconciliationViaAppLifespan" name="test_dead_running_session_flips_when_the_app_starts" time="0.238" /><testcase classname="tests.api.test_upload_validation.TestMatchCanonicalFilename" name="test_matches_case_and_separator_variants[boletines.csv-boletines.csv]" time="0.000" /><testcase classname="tests.api.test_upload_validation.TestMatchCanonicalFilename" name="test_matches_case_and_separator_variants[BOLETINES.CSV-boletines.csv]" time="0.000" /><testcase classname="tests.api.test_upload_validation.TestMatchCanonicalFilename" name="test_matches_case_and_separator_variants[Boletines.csv-boletines.csv]" time="0.000" /><testcase classname="tests.api.test_upload_validation.TestMatchCanonicalFilename" name="test_matches_case_and_separator_variants[decreto-ordenanzas.csv-decreto_ordenanzas.csv]" time="0.000" /><testcase classname="tests.api.test_upload_validation.TestMatchCanonicalFilename" name="test_matches_case_and_separator_variants[Decreto Ordenanzas.csv-decreto_ordenanzas.csv]" time="0.000" /><testcase classname="tests.api.test_upload_validation.TestMatchCanonicalFilename" name="test_matches_case_and_separator_variants[resoluciones_concejo_municipal.csv-resoluciones_concejo_municipal.csv]" time="0.000" /><testcase classname="tests.api.test_upload_validation.TestMatchCanonicalFilename" name="test_unrecognized_name_returns_none" time="0.000" /><testcase classname="tests.api.test_upload_validation.TestValidateAndExtractZip" name="test_valid_zip_with_mixed_case_filenames_extracts_canonical_names" time="0.004" /><testcase classname="tests.api.test_upload_validation.TestValidateAndExtractZip" name="test_zip_with_zero_matching_csvs_is_rejected" time="0.001" /><testcase classname="tests.api.test_upload_validation.TestValidateAndExtractZip" name="test_non_zip_file_is_rejected" time="0.001" /><testcase classname="tests.api.test_upload_validation.TestValidateAndExtractZip" name="test_oversized_zip_is_rejected" time="0.001" /></testsuite></testsuites>