<?xml version="1.0" encoding="utf-8"?><testsuites name="pytest tests"><testsuite name="pytest" errors="0" failures="0" skipped="0" tests="187" time="1.764" timestamp="2026-06-29T05:50:54.009200-03:00" hostname="Mac.fibertel.com.ar"><testcase classname="tests.test_schema.TestSourceEnum" name="test_rosario_value" time="0.001" /><testcase classname="tests.test_schema.TestSourceEnum" name="test_santa_fe_value" time="0.000" /><testcase classname="tests.test_schema.TestSourceEnum" name="test_is_str_subclass" time="0.000" /><testcase classname="tests.test_schema.TestSourceEnum" name="test_all_members" time="0.000" /><testcase classname="tests.test_schema.TestSourceEnum" name="test_from_string" time="0.000" /><testcase classname="tests.test_schema.TestSourceEnum" name="test_invalid_value_raises" time="0.000" /><testcase classname="tests.test_schema.TestContentFormatEnum" name="test_pdf_value" time="0.000" /><testcase classname="tests.test_schema.TestContentFormatEnum" name="test_html_text_value" time="0.000" /><testcase classname="tests.test_schema.TestContentFormatEnum" name="test_is_str_subclass" time="0.000" /><testcase classname="tests.test_schema.TestContentFormatEnum" name="test_all_members" time="0.000" /><testcase classname="tests.test_schema.TestContentFormatEnum" name="test_from_string" time="0.000" /><testcase classname="tests.test_schema.TestDocumentTypeEnum" name="test_all_expected_values_present" time="0.000" /><testcase classname="tests.test_schema.TestDocumentTypeEnum" name="test_is_str_subclass" time="0.000" /><testcase classname="tests.test_schema.TestDocumentTypeEnum" name="test_round_trip_from_string[decreto]" time="0.000" /><testcase classname="tests.test_schema.TestDocumentTypeEnum" name="test_round_trip_from_string[decreto_concejo]" time="0.000" /><testcase classname="tests.test_schema.TestDocumentTypeEnum" name="test_round_trip_from_string[ordenanza]" time="0.000" /><testcase classname="tests.test_schema.TestDocumentTypeEnum" name="test_round_trip_from_string[decreto_ordenanza]" time="0.000" /><testcase classname="tests.test_schema.TestDocumentTypeEnum" name="test_round_trip_from_string[resolucion]" time="0.000" /><testcase classname="tests.test_schema.TestDocumentTypeEnum" name="test_round_trip_from_string[resolucion_concejo]" time="0.000" /><testcase classname="tests.test_schema.TestDocumentTypeEnum" name="test_round_trip_from_string[resolucion_conjunta]" time="0.000" /><testcase classname="tests.test_schema.TestDocumentTypeEnum" name="test_round_trip_from_string[convenio]" time="0.000" /><testcase classname="tests.test_schema.TestDocumentTypeEnum" name="test_round_trip_from_string[declaracion]" time="0.000" /><testcase classname="tests.test_schema.TestDocumentTypeEnum" name="test_round_trip_from_string[boletin]" time="0.000" /><testcase classname="tests.test_schema.TestDocumentTypeEnum" name="test_round_trip_from_string[compendio_boletines]" time="0.000" /><testcase classname="tests.test_schema.TestDocumentTypeEnum" name="test_round_trip_from_string[compra]" time="0.000" /><testcase classname="tests.test_schema.TestDocumentTypeEnum" name="test_round_trip_from_string[contratacion]" time="0.000" /><testcase classname="tests.test_schema.TestDocumentTypeEnum" name="test_round_trip_from_string[convocatoria]" time="0.000" /><testcase classname="tests.test_schema.TestDocumentTypeEnum" name="test_round_trip_from_string[otro]" time="0.000" /><testcase classname="tests.test_schema.TestDocumentTypeEnum" name="test_invalid_raises" time="0.000" /><testcase classname="tests.test_schema.TestCanonicalDocumentCreation" name="test_source_field" time="0.000" /><testcase classname="tests.test_schema.TestCanonicalDocumentCreation" name="test_doc_type_field" time="0.000" /><testcase classname="tests.test_schema.TestCanonicalDocumentCreation" name="test_number_field" time="0.000" /><testcase classname="tests.test_schema.TestCanonicalDocumentCreation" name="test_year_field" time="0.000" /><testcase classname="tests.test_schema.TestCanonicalDocumentCreation" name="test_subject_field" time="0.000" /><testcase classname="tests.test_schema.TestCanonicalDocumentCreation" name="test_sanction_date_field" time="0.000" /><testcase classname="tests.test_schema.TestCanonicalDocumentCreation" name="test_publication_date_field" time="0.000" /><testcase classname="tests.test_schema.TestCanonicalDocumentCreation" name="test_source_url_field" time="0.000" /><testcase classname="tests.test_schema.TestCanonicalDocumentCreation" name="test_content_path_field" time="0.000" /><testcase classname="tests.test_schema.TestCanonicalDocumentCreation" name="test_content_format_field" time="0.000" /><testcase classname="tests.test_schema.TestCanonicalDocumentCreation" name="test_raw_metadata_field" time="0.000" /><testcase classname="tests.test_schema.TestCanonicalDocumentNullableFields" name="test_number_can_be_none" time="0.000" /><testcase classname="tests.test_schema.TestCanonicalDocumentNullableFields" name="test_raw_metadata_defaults_to_empty_dict" time="0.001" /><testcase classname="tests.test_schema.TestCanonicalDocumentNullableFields" name="test_each_call_gets_independent_raw_metadata" time="0.000" /><testcase classname="tests.test_schema.TestCanonicalDocumentImmutability" name="test_frozen_prevents_attribute_assignment" time="0.000" /><testcase classname="tests.test_schema.TestCanonicalDocumentImmutability" name="test_frozen_prevents_raw_metadata_reassignment" time="0.000" /><testcase classname="tests.test_schema.TestCanonicalDocumentEquality" name="test_equal_docs_compare_equal" time="0.001" /><testcase classname="tests.test_schema.TestCanonicalDocumentEquality" name="test_docs_with_different_source_not_equal" time="0.000" /><testcase classname="tests.test_mapping.TestParseRosarioDate" name="test_valid_date" time="0.001" /><testcase classname="tests.test_mapping.TestParseRosarioDate" name="test_first_of_january" time="0.000" /><testcase classname="tests.test_mapping.TestParseRosarioDate" name="test_none_input_returns_none" time="0.001" /><testcase classname="tests.test_mapping.TestParseRosarioDate" name="test_empty_string_returns_none" time="0.000" /><testcase classname="tests.test_mapping.TestParseRosarioDate" name="test_malformed_returns_none" time="0.000" /><testcase classname="tests.test_mapping.TestParseRosarioDate" name="test_iso_format_returns_none" time="0.000" /><testcase classname="tests.test_mapping.TestParseRosarioDate" name="test_partial_date_returns_none" time="0.000" /><testcase classname="tests.test_mapping.TestParseRosarioDate" name="test_invalid_day_returns_none" time="0.000" /><testcase classname="tests.test_mapping.TestRosarioDocTypeByCsv" name="test_known_csv_files[boletines.csv-boletin]" time="0.001" /><testcase classname="tests.test_mapping.TestRosarioDocTypeByCsv" name="test_known_csv_files[compendios_de_boletines.csv-compendio_boletines]" time="0.000" /><testcase classname="tests.test_mapping.TestRosarioDocTypeByCsv" name="test_known_csv_files[convenios.csv-convenio]" time="0.000" /><testcase classname="tests.test_mapping.TestRosarioDocTypeByCsv" name="test_known_csv_files[declaraciones_concejo_municipal.csv-declaracion]" time="0.000" /><testcase classname="tests.test_mapping.TestRosarioDocTypeByCsv" name="test_known_csv_files[decreto_ordenanzas.csv-decreto_ordenanza]" time="0.000" /><testcase classname="tests.test_mapping.TestRosarioDocTypeByCsv" name="test_known_csv_files[decretos.csv-decreto]" time="0.000" /><testcase classname="tests.test_mapping.TestRosarioDocTypeByCsv" name="test_known_csv_files[decretos_concejo_municipal.csv-decreto_concejo]" time="0.000" /><testcase classname="tests.test_mapping.TestRosarioDocTypeByCsv" name="test_known_csv_files[ordenanzas.csv-ordenanza]" time="0.001" /><testcase classname="tests.test_mapping.TestRosarioDocTypeByCsv" name="test_known_csv_files[resoluciones.csv-resolucion]" time="0.001" /><testcase classname="tests.test_mapping.TestRosarioDocTypeByCsv" name="test_known_csv_files[resoluciones_concejo_municipal.csv-resolucion_concejo]" time="0.001" /><testcase classname="tests.test_mapping.TestRosarioDocTypeByCsv" name="test_unknown_csv_not_in_dict" time="0.000" /><testcase classname="tests.test_mapping.TestMapRosarioRow" name="test_returns_canonical_document" time="0.000" /><testcase classname="tests.test_mapping.TestMapRosarioRow" name="test_source_is_always_rosario" time="0.000" /><testcase classname="tests.test_mapping.TestMapRosarioRow" name="test_doc_type_from_known_csv" time="0.001" /><testcase classname="tests.test_mapping.TestMapRosarioRow" name="test_doc_type_falls_back_to_otro_for_unknown_csv" time="0.000" /><testcase classname="tests.test_mapping.TestMapRosarioRow" name="test_number_from_row" time="0.000" /><testcase classname="tests.test_mapping.TestMapRosarioRow" name="test_empty_number_coerced_to_none" time="0.001" /><testcase classname="tests.test_mapping.TestMapRosarioRow" name="test_missing_number_is_none" time="0.001" /><testcase classname="tests.test_mapping.TestMapRosarioRow" name="test_year_from_row" time="0.001" /><testcase classname="tests.test_mapping.TestMapRosarioRow" name="test_non_digit_year_is_none" time="0.000" /><testcase classname="tests.test_mapping.TestMapRosarioRow" name="test_missing_year_is_none" time="0.001" /><testcase classname="tests.test_mapping.TestMapRosarioRow" name="test_subject_from_row" time="0.000" /><testcase classname="tests.test_mapping.TestMapRosarioRow" name="test_empty_subject_is_none" time="0.000" /><testcase classname="tests.test_mapping.TestMapRosarioRow" name="test_sanction_date_parsed" time="0.000" /><testcase classname="tests.test_mapping.TestMapRosarioRow" name="test_missing_sanction_date_is_none" time="0.000" /><testcase classname="tests.test_mapping.TestMapRosarioRow" name="test_publication_date_parsed" time="0.000" /><testcase classname="tests.test_mapping.TestMapRosarioRow" name="test_source_url_prefers_texto_vigente" time="0.000" /><testcase classname="tests.test_mapping.TestMapRosarioRow" name="test_source_url_falls_back_to_link" time="0.000" /><testcase classname="tests.test_mapping.TestMapRosarioRow" name="test_source_url_empty_when_both_absent" time="0.000" /><testcase classname="tests.test_mapping.TestMapRosarioRow" name="test_content_path_passed_through" time="0.001" /><testcase classname="tests.test_mapping.TestMapRosarioRow" name="test_content_format_pdf_when_path_given" time="0.001" /><testcase classname="tests.test_mapping.TestMapRosarioRow" name="test_content_format_none_when_no_path" time="0.000" /><testcase classname="tests.test_mapping.TestMapRosarioRow" name="test_raw_metadata_captures_known_fields" time="0.000" /><testcase classname="tests.test_mapping.TestMapRosarioRow" name="test_raw_metadata_excludes_absent_known_fields" time="0.000" /><testcase classname="tests.test_mapping.TestMapRosarioRow" name="test_raw_metadata_does_not_include_other_row_fields" time="0.001" /><testcase classname="tests.test_mapping.TestSantaFeCollection" name="test_normativa_collection" time="0.000" /><testcase classname="tests.test_mapping.TestSantaFeCollection" name="test_compras_collection" time="0.001" /><testcase classname="tests.test_mapping.TestSantaFeCollection" name="test_convocatoria_collection" time="0.001" /><testcase classname="tests.test_mapping.TestSantaFeCollection" name="test_root_url_returns_empty_or_unknown" time="0.002" /><testcase classname="tests.test_mapping.TestSantaFeDocType" name="test_normativa_slug_patterns[resolucion-conjunta-001-2024-resolucion_conjunta]" time="0.001" /><testcase classname="tests.test_mapping.TestSantaFeDocType" name="test_normativa_slug_patterns[resolucion-dem-012-2023-resolucion]" time="0.001" /><testcase classname="tests.test_mapping.TestSantaFeDocType" name="test_normativa_slug_patterns[resolucion-hcm-007-2022-resolucion_concejo]" time="0.000" /><testcase classname="tests.test_mapping.TestSantaFeDocType" name="test_normativa_slug_patterns[decreto-dmm-555-2021-decreto]" time="0.000" /><testcase classname="tests.test_mapping.TestSantaFeDocType" name="test_normativa_slug_patterns[decreto-dpb-200-2020-decreto]" time="0.000" /><testcase classname="tests.test_mapping.TestSantaFeDocType" name="test_normativa_slug_patterns[ordenanza-0001-2024-ordenanza]" time="0.000" /><testcase classname="tests.test_mapping.TestSantaFeDocType" name="test_unknown_normativa_slug_returns_otro" time="0.000" /><testcase classname="tests.test_mapping.TestSantaFeDocType" name="test_non_normativa_collections[compras-y-contrataciones-compra]" time="0.000" /><testcase classname="tests.test_mapping.TestSantaFeDocType" name="test_non_normativa_collections[contratacion-obra-contratacion]" time="0.000" /><testcase classname="tests.test_mapping.TestSantaFeDocType" name="test_non_normativa_collections[convocatoria-convocatoria]" time="0.000" /><testcase classname="tests.test_mapping.TestSantaFeDocType" name="test_non_normativa_collections[convocatorias-anteriores-convocatoria]" time="0.000" /><testcase classname="tests.test_mapping.TestSantaFeDocType" name="test_unknown_collection_returns_otro" time="0.000" /><testcase classname="tests.test_mapping.TestSantaFeDocType" name="test_resolucion_conjunta_wins_over_resolucion_dem" time="0.000" /><testcase classname="tests.test_mapping.TestSantaFeSlugPrefixOrdering" name="test_resolucion_conjunta_before_resolucion_dem" time="0.000" /><testcase classname="tests.test_mapping.TestSantaFeSlugPrefixOrdering" name="test_resolucion_conjunta_before_resolucion_hcm" time="0.000" /><testcase classname="tests.test_mapping.TestMapSantaFeDocument" name="test_returns_canonical_document" time="0.000" /><testcase classname="tests.test_mapping.TestMapSantaFeDocument" name="test_source_is_always_santa_fe" time="0.000" /><testcase classname="tests.test_mapping.TestMapSantaFeDocument" name="test_doc_type_inferred_from_url" time="0.000" /><testcase classname="tests.test_mapping.TestMapSantaFeDocument" name="test_number_is_none" time="0.000" /><testcase classname="tests.test_mapping.TestMapSantaFeDocument" name="test_year_is_none" time="0.000" /><testcase classname="tests.test_mapping.TestMapSantaFeDocument" name="test_subject_is_none" time="0.000" /><testcase classname="tests.test_mapping.TestMapSantaFeDocument" name="test_sanction_date_is_none" time="0.000" /><testcase classname="tests.test_mapping.TestMapSantaFeDocument" name="test_publication_date_is_none" time="0.000" /><testcase classname="tests.test_mapping.TestMapSantaFeDocument" name="test_source_url_preserved" time="0.000" /><testcase classname="tests.test_mapping.TestMapSantaFeDocument" name="test_content_path_passed_through" time="0.000" /><testcase classname="tests.test_mapping.TestMapSantaFeDocument" name="test_content_format_passed_through_pdf" time="0.000" /><testcase classname="tests.test_mapping.TestMapSantaFeDocument" name="test_content_format_passed_through_html_text" time="0.000" /><testcase classname="tests.test_mapping.TestMapSantaFeDocument" name="test_content_format_none_when_no_path" time="0.000" /><testcase classname="tests.test_mapping.TestMapSantaFeDocument" name="test_raw_metadata_always_empty" time="0.000" /><testcase classname="tests.test_mapping.TestMapSantaFeDocument" name="test_compra_collection_doc_type" time="0.000" /><testcase classname="tests.test_mapping.TestMapSantaFeDocument" name="test_contratacion_collection_doc_type" time="0.000" /><testcase classname="tests.test_downloader_santa_fe_pure.TestSlugFromUrl" name="test_basic_slug" time="0.000" /><testcase classname="tests.test_downloader_santa_fe_pure.TestSlugFromUrl" name="test_slug_without_trailing_slash" time="0.000" /><testcase classname="tests.test_downloader_santa_fe_pure.TestSlugFromUrl" name="test_slug_from_non_normativa" time="0.000" /><testcase classname="tests.test_downloader_santa_fe_pure.TestSlugFromUrl" name="test_slug_from_root" time="0.000" /><testcase classname="tests.test_downloader_santa_fe_pure.TestCollectionFromUrl" name="test_normativa_collection" time="0.000" /><testcase classname="tests.test_downloader_santa_fe_pure.TestCollectionFromUrl" name="test_compras_collection" time="0.000" /><testcase classname="tests.test_downloader_santa_fe_pure.TestCollectionFromUrl" name="test_convocatoria_collection" time="0.000" /><testcase classname="tests.test_downloader_santa_fe_pure.TestCollectionFromUrl" name="test_contratacion_obra_collection" time="0.000" /><testcase classname="tests.test_downloader_santa_fe_pure.TestNormativaType" name="test_known_prefixes[resolucion-conjunta-001-2024-resolucion_conjunta]" time="0.000" /><testcase classname="tests.test_downloader_santa_fe_pure.TestNormativaType" name="test_known_prefixes[resolucion-dem-005-2023-resolucion_dem]" time="0.000" /><testcase classname="tests.test_downloader_santa_fe_pure.TestNormativaType" name="test_known_prefixes[resolucion-hcm-010-2022-resolucion_hcm]" time="0.000" /><testcase classname="tests.test_downloader_santa_fe_pure.TestNormativaType" name="test_known_prefixes[decreto-dmm-200-2021-decreto_dmm]" time="0.000" /><testcase classname="tests.test_downloader_santa_fe_pure.TestNormativaType" name="test_known_prefixes[decreto-dpb-300-2020-decreto_dpb]" time="0.000" /><testcase classname="tests.test_downloader_santa_fe_pure.TestNormativaType" name="test_known_prefixes[ordenanza-0050-2019-ordenanza]" time="0.000" /><testcase classname="tests.test_downloader_santa_fe_pure.TestNormativaType" name="test_unknown_slug_returns_otros" time="0.000" /><testcase classname="tests.test_downloader_santa_fe_pure.TestNormativaType" name="test_empty_slug_returns_otros" time="0.000" /><testcase classname="tests.test_downloader_santa_fe_pure.TestNormativaType" name="test_resolucion_conjunta_wins_over_shorter_prefix" time="0.000" /><testcase classname="tests.test_downloader_santa_fe_pure.TestDestFolder" name="test_normativa_decreto_dmm" time="0.000" /><testcase classname="tests.test_downloader_santa_fe_pure.TestDestFolder" name="test_normativa_ordenanza" time="0.000" /><testcase classname="tests.test_downloader_santa_fe_pure.TestDestFolder" name="test_normativa_unknown_slug_goes_to_otros" time="0.000" /><testcase classname="tests.test_downloader_santa_fe_pure.TestDestFolder" name="test_non_normativa_collection" time="0.000" /><testcase classname="tests.test_downloader_santa_fe_pure.TestDestFolder" name="test_convocatoria_collection" time="0.000" /><testcase classname="tests.test_downloader_santa_fe_pure.TestSitemapMatches" name="test_matches_normativa_sitemap" time="0.000" /><testcase classname="tests.test_downloader_santa_fe_pure.TestSitemapMatches" name="test_matches_compra_sitemap" time="0.000" /><testcase classname="tests.test_downloader_santa_fe_pure.TestSitemapMatches" name="test_does_not_match_wrong_collection" time="0.000" /><testcase classname="tests.test_downloader_santa_fe_pure.TestSitemapMatches" name="test_matches_any_of_multiple_collections" time="0.000" /><testcase classname="tests.test_downloader_santa_fe_pure.TestSitemapMatches" name="test_non_sitemap_url_does_not_match" time="0.000" /><testcase classname="tests.test_downloader_santa_fe_pure.TestSitemapMatches" name="test_empty_collections_never_matches" time="0.000" /><testcase classname="tests.test_downloader_santa_fe_pure.TestParseSitemapLocs" name="test_parses_locs_with_namespace" time="0.000" /><testcase classname="tests.test_downloader_santa_fe_pure.TestParseSitemapLocs" name="test_parses_locs_without_namespace" time="0.000" /><testcase classname="tests.test_downloader_santa_fe_pure.TestParseSitemapLocs" name="test_parses_sitemap_index" time="0.000" /><testcase classname="tests.test_downloader_santa_fe_pure.TestParseSitemapLocs" name="test_returns_empty_list_for_invalid_xml" time="0.001" /><testcase classname="tests.test_downloader_santa_fe_pure.TestParseSitemapLocs" name="test_returns_empty_list_for_empty_urlset" time="0.000" /><testcase classname="tests.test_downloader_santa_fe_pure.TestParseSitemapLocs" name="test_count_matches_number_of_loc_elements" time="0.000" /><testcase classname="tests.test_downloader_santa_fe_pure.TestIsPendingSantaFe" name="test_pending_when_absent" time="0.001" /><testcase classname="tests.test_downloader_santa_fe_pure.TestIsPendingSantaFe" name="test_not_pending_when_completed" time="0.000" /><testcase classname="tests.test_downloader_santa_fe_pure.TestIsPendingSantaFe" name="test_not_pending_when_skipped" time="0.000" /><testcase classname="tests.test_downloader_santa_fe_pure.TestIsPendingSantaFe" name="test_pending_with_unrelated_entries" time="0.000" /><testcase classname="tests.test_downloader_santa_fe_pure.TestExtractWpPdfUrl" name="test_finds_pdf_in_anchor_href" time="0.001" /><testcase classname="tests.test_downloader_santa_fe_pure.TestExtractWpPdfUrl" name="test_finds_pdf_in_relative_href" time="0.000" /><testcase classname="tests.test_downloader_santa_fe_pure.TestExtractWpPdfUrl" name="test_finds_pdf_in_iframe_src" time="0.000" /><testcase classname="tests.test_downloader_santa_fe_pure.TestExtractWpPdfUrl" name="test_finds_pdf_in_data_attribute" time="0.001" /><testcase classname="tests.test_downloader_santa_fe_pure.TestExtractWpPdfUrl" name="test_returns_none_when_no_wp_content_pdf" time="0.000" /><testcase classname="tests.test_downloader_santa_fe_pure.TestExtractWpPdfUrl" name="test_returns_none_when_wp_content_but_not_pdf" time="0.000" /><testcase classname="tests.test_downloader_santa_fe_pure.TestExtractWpPdfUrl" name="test_returns_none_for_empty_html" time="0.000" /><testcase classname="tests.test_downloader_santa_fe_pure.TestExtractWpPdfUrl" name="test_pdf_case_insensitive" time="0.000" /><testcase classname="tests.test_downloader_santa_fe_pure.TestExtractBodyText" name="test_prefers_entry_content_div" time="0.000" /><testcase classname="tests.test_downloader_santa_fe_pure.TestExtractBodyText" name="test_prefers_article_over_body_fallback" time="0.000" /><testcase classname="tests.test_downloader_santa_fe_pure.TestExtractBodyText" name="test_falls_back_to_body_when_no_selectors_match" time="0.001" /><testcase classname="tests.test_downloader_santa_fe_pure.TestExtractBodyText" name="test_removes_nav_header_footer_from_body_fallback" time="0.000" /><testcase classname="tests.test_downloader_santa_fe_pure.TestExtractBodyText" name="test_removes_script_tags" time="0.000" /><testcase classname="tests.test_downloader_santa_fe_pure.TestExtractBodyText" name="test_returns_string_for_empty_html" time="0.000" /><testcase classname="tests.test_downloader_santa_fe_pure.TestExtractBodyText" name="test_post_content_selector" time="0.000" /><testcase classname="tests.test_downloader_santa_fe_pure.TestExtractBodyText" name="test_strips_whitespace" time="0.000" /><testcase classname="tests.test_downloader_santa_fe_pure.TestBuildTaskList" name="test_returns_one_task_per_url" time="0.000" /><testcase classname="tests.test_downloader_santa_fe_pure.TestBuildTaskList" name="test_task_has_required_keys" time="0.000" /><testcase classname="tests.test_downloader_santa_fe_pure.TestBuildTaskList" name="test_key_equals_page_url" time="0.000" /><testcase classname="tests.test_downloader_santa_fe_pure.TestBuildTaskList" name="test_slug_extracted_correctly" time="0.000" /><testcase classname="tests.test_downloader_santa_fe_pure.TestBuildTaskList" name="test_dest_folder_for_normativa" time="0.000" /><testcase classname="tests.test_downloader_santa_fe_pure.TestBuildTaskList" name="test_dest_folder_for_non_normativa" time="0.000" /><testcase classname="tests.test_downloader_santa_fe_pure.TestBuildTaskList" name="test_empty_url_list_returns_empty_list" time="0.001" /><testcase classname="tests.test_downloader_santa_fe_pure.TestBuildTaskList" name="test_ordering_preserved" time="0.000" /></testsuite></testsuites>